00:35:00 BookingApp - alihmzyv logged in.
00:35:18 BookingApp - alihmzyv searched for a flight with id: 65.
12:38:04 BookingApp - Registered: User{name='Ali', surname='hamzayev', username='alihmzyv'}
12:38:04 BookingApp - alihmzyv logged in.
12:38:25 BookingApp - alihmzyv searched for a flight with id: 2.
12:39:08 BookingApp - alihmzyv made the booking: Ali Hamzayev || SQ6340 || Khimki (SVO) || Paris (CDG) || September 20, 2022, 9:35 PM || September 20, 2022, 12:39 PM.
12:39:08 BookingApp - alihmzyv made the booking: Konul Hamzayeva || SQ6340 || Khimki (SVO) || Paris (CDG) || September 20, 2022, 9:35 PM || September 20, 2022, 12:39 PM.
12:39:20 BookingApp - alihmzyv logged out.
12:39:35 BookingApp - alihmzyv logged in.
12:39:50 BookingApp - alihmzyv searched for a flight with id: 2.
12:40:00 BookingApp - alihmzyv cancelled the booking: Ali Hamzayev || SQ6340 || Khimki (SVO) || Paris (CDG) || September 20, 2022, 9:35 PM || September 20, 2022, 12:39 PM.
12:40:09 BookingApp - alihmzyv logged out.
12:40:24 BookingApp - alihmzyv logged in.
12:40:34 BookingApp - alihmzyv logged out.
17:33:32 BookingApp - Registered: User{name='Ali', surname='Hamzayev', username='alihmzyv'}
17:33:32 BookingApp - alihmzyv logged in.
17:33:59 BookingApp - alihmzyv searched for a flight with id: 100.
17:34:40 BookingApp - alihmzyv made the booking: Ali Hamzayev || JL1200 || Dubai (DXB) || Baku (GYD) || September 22, 2022, 8:31 PM || September 20, 2022, 5:34 PM.
17:34:46 BookingApp - alihmzyv logged out.
17:35:00 BookingApp - alihmzyv logged in.
19:26:44 BookingApp - Registered: User{name='Ali', surname='Hamzayev', username='alihmzyv'}
19:26:44 BookingApp - alihmzyv logged in.
19:27:27 BookingApp - alihmzyv searched for a flight with id: 79.
19:28:59 BookingApp - alihmzyv made the booking: aLI HAMZAYEV || BR2115 || Istanbul (SAW) || Baku (GYD) || September 24, 2022, 7:25 PM || September 20, 2022, 7:28 PM.
19:28:59 BookingApp - alihmzyv made the booking: konul hamzayeva || BR2115 || Istanbul (SAW) || Baku (GYD) || September 24, 2022, 7:25 PM || September 20, 2022, 7:28 PM.
19:29:56 BookingApp - alihmzyv made the booking: Sanan Hamzayev || BR2115 || Istanbul (SAW) || Baku (GYD) || September 24, 2022, 7:25 PM || September 20, 2022, 7:29 PM.
19:30:10 BookingApp - alihmzyv searched for a flight with id: 79.
19:30:26 BookingApp - alihmzyv cancelled the booking: Sanan Hamzayev || BR2115 || Istanbul (SAW) || Baku (GYD) || September 24, 2022, 7:25 PM || September 20, 2022, 7:29 PM.
19:30:37 BookingApp - alihmzyv searched for a flight with id: 79.
19:30:40 BookingApp - alihmzyv logged out.
19:31:25 BookingApp - alihmzyv logged in.
19:31:34 BookingApp - alihmzyv searched for a flight with id: 79.
19:31:37 BookingApp - alihmzyv logged out.
19:47:34 BookingApp - alihmzyv logged in.
